#
# There is insufficient memory for the Java Runtime Environment to continue.
# Native memory allocation (malloc) failed to allocate 647376 bytes for Chunk::new
# Possible reasons:
#   The system is out of physical RAM or swap space
#   The process is running with CompressedOops enabled, and the Java Heap may be blocking the growth of the native heap
# Possible solutions:
#   Reduce memory load on the system
#   Increase physical memory or swap space
#   Check if swap backing store is full
#   Decrease Java heap size (-Xmx/-Xms)
#   Decrease number of Java threads
#   Decrease Java thread stack sizes (-Xss)
#   Set larger code cache with -XX:ReservedCodeCacheSize=
#   JVM is running with Unscaled Compressed Oops mode in which the Java heap is
#     placed in the first 4GB address space. The Java Heap base address is the
#     maximum limit for the native heap growth. Please use -XX:HeapBaseMinAddress
#     to set the Java Heap base and to place the Java Heap above 4GB virtual address.
# This output file may be truncated or incomplete.
#
#  Out of Memory Error (arena.cpp:184), pid=22508, tid=18840
#
# JRE version: Java(TM) SE Runtime Environment (18.0+36) (build 18+36-2087)
# Java VM: Java HotSpot(TM) 64-Bit Server VM (18+36-2087, mixed mode, sharing, tiered, compressed oops, compressed class ptrs, g1 gc, windows-amd64)
# No core dump will be written. Minidumps are not enabled by default on client versions of Windows
#

---------------  S U M M A R Y ------------

Command Line: -javaagent:C:\Program Files\JetBrains\IntelliJ IDEA Community Edition 2022.3.2\lib\idea_rt.jar=52924:C:\Program Files\JetBrains\IntelliJ IDEA Community Edition 2022.3.2\bin -Dfile.encoding=UTF-8 -Dsun.stdout.encoding=UTF-8 -Dsun.stderr.encoding=UTF-8 com.experis.pizza.SpringLaMiaPizzeriaCrudApplication

Host: Intel(R) Core(TM) i5-3350P CPU @ 3.10GHz, 4 cores, 7G,  Windows 10 , 64 bit Build 19041 (10.0.19041.2546)
Time: Thu Mar 30 00:07:25 2023 ora legale Europa occidentale elapsed time: 12.592981 seconds (0d 0h 0m 12s)

---------------  T H R E A D  ---------------

Current thread (0x00000231e6f98760):  JavaThread "C2 CompilerThread0" daemon [_thread_in_native, id=18840, stack(0x000000762d300000,0x000000762d400000)]


Current CompileTask:
C2:  12593 5483   !   4       org.springframework.util.MimeTypeUtils::parseMimeTypeInternal (367 bytes)

Stack: [0x000000762d300000,0x000000762d400000]
Native frames: (J=compiled Java code, j=interpreted, Vv=VM code, C=native code)
V  [jvm.dll+0x69804a]
V  [jvm.dll+0x7f308d]
V  [jvm.dll+0x7f499e]
V  [jvm.dll+0x7f5053]
V  [jvm.dll+0x25ca3f]
V  [jvm.dll+0xb8c2f]
V  [jvm.dll+0xb8fa5]
V  [jvm.dll+0x385a31]
V  [jvm.dll+0x34f811]
V  [jvm.dll+0x34ecaa]
V  [jvm.dll+0x22fc21]
V  [jvm.dll+0x22eff1]
V  [jvm.dll+0x1b9cfc]
V  [jvm.dll+0x23e8ca]
V  [jvm.dll+0x23cbac]
V  [jvm.dll+0x7a5781]
V  [jvm.dll+0x79fbba]
V  [jvm.dll+0x696ef5]
C  [ucrtbase.dll+0x21bb2]
C  [KERNEL32.DLL+0x17614]
C  [ntdll.dll+0x526a1]


---------------  P R O C E S S  ---------------

Threads class SMR info:
_java_thread_list=0x00000231ec132e50, length=32, elements={
0x00000231e6f6eb60, 0x00000231e6f6f6d0, 0x00000231e6f885d0, 0x00000231e6f88e80,
0x00000231e6f89730, 0x00000231e6f8a120, 0x00000231e6f98760, 0x00000231e6f992d0,
0x00000231e6faf3f0, 0x00000231eb466fe0, 0x00000231eb75e330, 0x00000231eb75eaf0,
0x00000231eda0c020, 0x00000231ed8dbe50, 0x00000231ec946380, 0x00000231ec08ae00,
0x00000231ec08b7a0, 0x00000231ec08b2d0, 0x00000231ee84c750, 0x00000231ee84d0f0,
0x00000231ee84f770, 0x00000231ee84df60, 0x00000231ee84da90, 0x00000231ee84d5c0,
0x00000231ee84e430, 0x00000231ee84f2a0, 0x00000231ee84a0d0, 0x00000231ee84bdb0,
0x00000231ee84aa70, 0x00000231ee84e900, 0x00000231ee84edd0, 0x00000231ee84fc40
}

Java Threads: ( => current thread )
  0x00000231e6f6eb60 JavaThread "Reference Handler" daemon [_thread_blocked, id=14200, stack(0x000000762cd00000,0x000000762ce00000)]
  0x00000231e6f6f6d0 JavaThread "Finalizer" daemon [_thread_blocked, id=14352, stack(0x000000762ce00000,0x000000762cf00000)]
  0x00000231e6f885d0 JavaThread "Signal Dispatcher" daemon [_thread_blocked, id=17648, stack(0x000000762cf00000,0x000000762d000000)]
  0x00000231e6f88e80 JavaThread "Attach Listener" daemon [_thread_blocked, id=5664, stack(0x000000762d000000,0x000000762d100000)]
  0x00000231e6f89730 JavaThread "Service Thread" daemon [_thread_blocked, id=10096, stack(0x000000762d100000,0x000000762d200000)]
  0x00000231e6f8a120 JavaThread "Monitor Deflation Thread" daemon [_thread_blocked, id=18236, stack(0x000000762d200000,0x000000762d300000)]
=>0x00000231e6f98760 JavaThread "C2 CompilerThread0" daemon [_thread_in_native, id=18840, stack(0x000000762d300000,0x000000762d400000)]
  0x00000231e6f992d0 JavaThread "C1 CompilerThread0" daemon [_thread_blocked, id=7236, stack(0x000000762d400000,0x000000762d500000)]
  0x00000231e6faf3f0 JavaThread "Sweeper thread" daemon [_thread_blocked, id=23488, stack(0x000000762d500000,0x000000762d600000)]
  0x00000231eb466fe0 JavaThread "Common-Cleaner" daemon [_thread_blocked, id=20416, stack(0x000000762d600000,0x000000762d700000)]
  0x00000231eb75e330 JavaThread "Monitor Ctrl-Break" daemon [_thread_in_native, id=21976, stack(0x000000762d700000,0x000000762d800000)]
  0x00000231eb75eaf0 JavaThread "Notification Thread" daemon [_thread_blocked, id=2612, stack(0x000000762d800000,0x000000762d900000)]
  0x00000231eda0c020 JavaThread "Catalina-utility-1" [_thread_blocked, id=12432, stack(0x000000762e100000,0x000000762e200000)]
  0x00000231ed8dbe50 JavaThread "Catalina-utility-2" [_thread_blocked, id=13852, stack(0x000000762e200000,0x000000762e300000)]
  0x00000231ec946380 JavaThread "container-0" [_thread_blocked, id=7976, stack(0x000000762e300000,0x000000762e400000)]
  0x00000231ec08ae00 JavaThread "mysql-cj-abandoned-connection-cleanup" daemon [_thread_blocked, id=15460, stack(0x000000762e400000,0x000000762e500000)]
  0x00000231ec08b7a0 JavaThread "HikariPool-1 housekeeper" daemon [_thread_blocked, id=20544, stack(0x000000762e600000,0x000000762e700000)]
  0x00000231ec08b2d0 JavaThread "File Watcher" daemon [_thread_blocked, id=23308, stack(0x000000762e800000,0x000000762e900000)]
  0x00000231ee84c750 JavaThread "Live Reload Server" daemon [_thread_in_native, id=2732, stack(0x000000762ea00000,0x000000762eb00000)]
  0x00000231ee84d0f0 JavaThread "http-nio-8080-exec-1" daemon [_thread_blocked, id=16764, stack(0x000000762e900000,0x000000762ea00000)]
  0x00000231ee84f770 JavaThread "http-nio-8080-exec-2" daemon [_thread_blocked, id=15368, stack(0x000000762eb00000,0x000000762ec00000)]
  0x00000231ee84df60 JavaThread "http-nio-8080-exec-3" daemon [_thread_blocked, id=20996, stack(0x000000762ec00000,0x000000762ed00000)]
  0x00000231ee84da90 JavaThread "http-nio-8080-exec-4" daemon [_thread_blocked, id=16300, stack(0x000000762ed00000,0x000000762ee00000)]
  0x00000231ee84d5c0 JavaThread "http-nio-8080-exec-5" daemon [_thread_blocked, id=6380, stack(0x000000762ee00000,0x000000762ef00000)]
  0x00000231ee84e430 JavaThread "http-nio-8080-exec-6" daemon [_thread_blocked, id=22608, stack(0x000000762ef00000,0x000000762f000000)]
  0x00000231ee84f2a0 JavaThread "http-nio-8080-exec-7" daemon [_thread_blocked, id=12800, stack(0x000000762f000000,0x000000762f100000)]
  0x00000231ee84a0d0 JavaThread "http-nio-8080-exec-8" daemon [_thread_blocked, id=6372, stack(0x000000762f100000,0x000000762f200000)]
  0x00000231ee84bdb0 JavaThread "http-nio-8080-exec-9" daemon [_thread_blocked, id=11540, stack(0x000000762f200000,0x000000762f300000)]
  0x00000231ee84aa70 JavaThread "http-nio-8080-exec-10" daemon [_thread_blocked, id=7644, stack(0x000000762f300000,0x000000762f400000)]
  0x00000231ee84e900 JavaThread "http-nio-8080-Poller" daemon [_thread_in_native, id=19056, stack(0x000000762f400000,0x000000762f500000)]
  0x00000231ee84edd0 JavaThread "http-nio-8080-Acceptor" daemon [_thread_in_native, id=23132, stack(0x000000762f500000,0x000000762f600000)]
  0x00000231ee84fc40 JavaThread "DestroyJavaVM" [_thread_blocked, id=21176, stack(0x000000762c600000,0x000000762c700000)]

Other Threads:
  0x00000231c96ba5a0 VMThread "VM Thread" [stack: 0x000000762cc00000,0x000000762cd00000] [id=19320]
  0x00000231eb554fb0 WatcherThread "VM Periodic Task Thread" [stack: 0x000000762d900000,0x000000762da00000] [id=21704]
  0x00000231c96a0760 WorkerThread "GC Thread#0" [stack: 0x000000762c700000,0x000000762c800000] [id=20560]
  0x00000231ebcae890 WorkerThread "GC Thread#1" [stack: 0x000000762db00000,0x000000762dc00000] [id=3688]
  0x00000231ebe2c270 WorkerThread "GC Thread#2" [stack: 0x000000762dc00000,0x000000762dd00000] [id=21188]
  0x00000231ebbed1c0 WorkerThread "GC Thread#3" [stack: 0x000000762dd00000,0x000000762de00000] [id=17288]
  0x00000231c96b2830 ConcurrentGCThread "G1 Main Marker" [stack: 0x000000762c800000,0x000000762c900000] [id=5472]
  0x00000231c96b38d0 WorkerThread "G1 Conc#0" [stack: 0x000000762c900000,0x000000762ca00000] [id=21564]
  0x00000231c96f7c60 ConcurrentGCThread "G1 Refine#0" [stack: 0x000000762ca00000,0x000000762cb00000] [id=7424]
  0x00000231ecaa19d0 ConcurrentGCThread "G1 Refine#1" [stack: 0x000000762e000000,0x000000762e100000] [id=9420]
  0x00000231c96f8480 ConcurrentGCThread "G1 Service" [stack: 0x000000762cb00000,0x000000762cc00000] [id=18752]

Threads with active compile tasks:
C2 CompilerThread0    12654 5483   !   4       org.springframework.util.MimeTypeUtils::parseMimeTypeInternal (367 bytes)

VM state: not at safepoint (normal execution)

VM Mutex/Monitor currently owned by a thread: None

Heap address: 0x0000000080c00000, size: 2036 MB, Compressed Oops mode: 32-bit

CDS archive(s) mapped at: [0x0000000800000000-0x0000000800ba0000-0x0000000800ba0000), size 12189696, SharedBaseAddress: 0x0000000800000000, ArchiveRelocationMode: 0.
Compressed class space mapped at: 0x0000000800c00000-0x0000000840c00000, reserved size: 1073741824
Narrow klass base: 0x0000000800000000, Narrow klass shift: 0, Narrow klass range: 0x100000000

GC Precious Log:
 CardTable entry size: 512
 Card Set container configuration: InlinePtr #cards 5 size 8 Array Of Cards #cards 12 size 40 Howl #buckets 4 coarsen threshold 1843 Howl Bitmap #cards 512 size 80 coarsen threshold 460 Card regions per heap region 1 cards per card region 2048
 CPUs: 4 total, 4 available
 Memory: 8138M
 Large Page Support: Disabled
 NUMA Support: Disabled
 Compressed Oops: Enabled (32-bit)
 Heap Region Size: 1M
 Heap Min Capacity: 8M
 Heap Initial Capacity: 128M
 Heap Max Capacity: 2036M
 Pre-touch: Disabled
 Parallel Workers: 4
 Concurrent Workers: 1
 Concurrent Refinement Workers: 4
 Periodic GC: Disabled

Heap:
 garbage-first heap   total 50176K, used 33792K [0x0000000080c00000, 0x0000000100000000)
  region size 1024K, 10 young (10240K), 2 survivors (2048K)
 Metaspace       used 60075K, committed 60672K, reserved 1114112K
  class space    used 7996K, committed 8256K, reserved 1048576K

Heap Regions: E=young(eden), S=young(survivor), O=old, HS=humongous(starts), HC=humongous(continues), CS=collection set, F=free, OA=open archive, CA=closed archive, TAMS=top-at-mark-start (previous, next)
|   0|0x0000000080c00000, 0x0000000080d00000, 0x0000000080d00000|100%|HS|  |TAMS 0x0000000080d00000, 0x0000000080c00000| Complete 
|   1|0x0000000080d00000, 0x0000000080e00000, 0x0000000080e00000|100%| O|  |TAMS 0x0000000080e00000, 0x0000000080d00000| Untracked 
|   2|0x0000000080e00000, 0x0000000080f00000, 0x0000000080f00000|100%| O|  |TAMS 0x0000000080f00000, 0x0000000080e00000| Untracked 
|   3|0x0000000080f00000, 0x0000000081000000, 0x0000000081000000|100%| O|  |TAMS 0x0000000081000000, 0x0000000080f00000| Untracked 
|   4|0x0000000081000000, 0x0000000081100000, 0x0000000081100000|100%| O|  |TAMS 0x0000000081100000, 0x0000000081000000| Untracked 
|   5|0x0000000081100000, 0x0000000081200000, 0x0000000081200000|100%| O|  |TAMS 0x0000000081200000, 0x0000000081100000| Untracked 
|   6|0x0000000081200000, 0x0000000081300000, 0x0000000081300000|100%| O|  |TAMS 0x0000000081300000, 0x0000000081200000| Untracked 
|   7|0x0000000081300000, 0x0000000081400000, 0x0000000081400000|100%| O|  |TAMS 0x0000000081400000, 0x0000000081300000| Untracked 
|   8|0x0000000081400000, 0x0000000081500000, 0x0000000081500000|100%| O|  |TAMS 0x0000000081500000, 0x0000000081400000| Untracked 
|   9|0x0000000081500000, 0x0000000081600000, 0x0000000081600000|100%| O|  |TAMS 0x0000000081600000, 0x0000000081500000| Untracked 
|  10|0x0000000081600000, 0x0000000081700000, 0x0000000081700000|100%| O|  |TAMS 0x0000000081700000, 0x0000000081600000| Untracked 
|  11|0x0000000081700000, 0x0000000081800000, 0x0000000081800000|100%| O|  |TAMS 0x0000000081800000, 0x0000000081700000| Untracked 
|  12|0x0000000081800000, 0x0000000081900000, 0x0000000081900000|100%| O|  |TAMS 0x0000000081900000, 0x0000000081800000| Untracked 
|  13|0x0000000081900000, 0x0000000081a00000, 0x0000000081a00000|100%| O|  |TAMS 0x0000000081a00000, 0x0000000081900000| Untracked 
|  14|0x0000000081a00000, 0x0000000081b00000, 0x0000000081b00000|100%| O|  |TAMS 0x0000000081b00000, 0x0000000081a00000| Untracked 
|  15|0x0000000081b00000, 0x0000000081c00000, 0x0000000081c00000|100%| O|  |TAMS 0x0000000081c00000, 0x0000000081b00000| Untracked 
|  16|0x0000000081c00000, 0x0000000081d00000, 0x0000000081d00000|100%| O|  |TAMS 0x0000000081d00000, 0x0000000081c00000| Untracked 
|  17|0x0000000081d00000, 0x0000000081e00000, 0x0000000081e00000|100%| O|  |TAMS 0x0000000081e00000, 0x0000000081d00000| Untracked 
|  18|0x0000000081e00000, 0x0000000081f00000, 0x0000000081f00000|100%| O|  |TAMS 0x0000000081f00000, 0x0000000081e00000| Untracked 
|  19|0x0000000081f00000, 0x0000000082000000, 0x0000000082000000|100%| O|  |TAMS 0x0000000082000000, 0x0000000081f00000| Untracked 
|  20|0x0000000082000000, 0x0000000082100000, 0x0000000082100000|100%| O|  |TAMS 0x0000000082100000, 0x0000000082000000| Untracked 
|  21|0x0000000082100000, 0x0000000082200000, 0x0000000082200000|100%| O|  |TAMS 0x000000008219d800, 0x0000000082100000| Untracked 
|  22|0x0000000082200000, 0x0000000082300000, 0x0000000082300000|100%| O|  |TAMS 0x0000000082200000, 0x0000000082200000| Untracked 
|  23|0x0000000082300000, 0x0000000082400000, 0x0000000082400000|100%| O|  |TAMS 0x0000000082300000, 0x0000000082300000| Untracked 
|  24|0x0000000082400000, 0x0000000082500000, 0x0000000082500000|100%| O|  |TAMS 0x0000000082400000, 0x0000000082400000| Untracked 
|  25|0x0000000082500000, 0x0000000082500000, 0x0000000082600000|  0%| F|  |TAMS 0x0000000082500000, 0x0000000082500000| Untracked 
|  26|0x0000000082600000, 0x0000000082600000, 0x0000000082700000|  0%| F|  |TAMS 0x0000000082600000, 0x0000000082600000| Untracked 
|  27|0x0000000082700000, 0x0000000082700000, 0x0000000082800000|  0%| F|  |TAMS 0x0000000082700000, 0x0000000082700000| Untracked 
|  28|0x0000000082800000, 0x0000000082800000, 0x0000000082900000|  0%| F|  |TAMS 0x0000000082800000, 0x0000000082800000| Untracked 
|  29|0x0000000082900000, 0x0000000082900000, 0x0000000082a00000|  0%| F|  |TAMS 0x0000000082900000, 0x0000000082900000| Untracked 
|  30|0x0000000082a00000, 0x0000000082a00000, 0x0000000082b00000|  0%| F|  |TAMS 0x0000000082a00000, 0x0000000082a00000| Untracked 
|  31|0x0000000082b00000, 0x0000000082b00000, 0x0000000082c00000|  0%| F|  |TAMS 0x0000000082b00000, 0x0000000082b00000| Untracked 
|  32|0x0000000082c00000, 0x0000000082c00000, 0x0000000082d00000|  0%| F|  |TAMS 0x0000000082c00000, 0x0000000082c00000| Untracked 
|  33|0x0000000082d00000, 0x0000000082d00000, 0x0000000082e00000|  0%| F|  |TAMS 0x0000000082d00000, 0x0000000082d00000| Untracked 
|  34|0x0000000082e00000, 0x0000000082e00000, 0x0000000082f00000|  0%| F|  |TAMS 0x0000000082e00000, 0x0000000082e00000| Untracked 
|  35|0x0000000082f00000, 0x0000000082f00000, 0x0000000083000000|  0%| F|  |TAMS 0x0000000082f00000, 0x0000000082f00000| Untracked 
|  36|0x0000000083000000, 0x0000000083100000, 0x0000000083100000|100%| S|CS|TAMS 0x0000000083000000, 0x0000000083000000| Complete 
|  37|0x0000000083100000, 0x0000000083200000, 0x0000000083200000|100%| S|CS|TAMS 0x0000000083100000, 0x0000000083100000| Complete 
|  38|0x0000000083200000, 0x0000000083200000, 0x0000000083300000|  0%| F|  |TAMS 0x0000000083200000, 0x0000000083200000| Untracked 
|  39|0x0000000083300000, 0x0000000083300000, 0x0000000083400000|  0%| F|  |TAMS 0x0000000083300000, 0x0000000083300000| Untracked 
|  40|0x0000000083400000, 0x0000000083400000, 0x0000000083500000|  0%| F|  |TAMS 0x0000000083400000, 0x0000000083400000| Untracked 
|  71|0x0000000085300000, 0x000000008537a060, 0x0000000085400000| 47%| E|  |TAMS 0x0000000085300000, 0x0000000085300000| Complete 
|  72|0x0000000085400000, 0x0000000085500000, 0x0000000085500000|100%| E|CS|TAMS 0x0000000085400000, 0x0000000085400000| Complete 
|  73|0x0000000085500000, 0x0000000085600000, 0x0000000085600000|100%| E|CS|TAMS 0x0000000085500000, 0x0000000085500000| Complete 
|  74|0x0000000085600000, 0x0000000085700000, 0x0000000085700000|100%| E|CS|TAMS 0x0000000085600000, 0x0000000085600000| Complete 
|  75|0x0000000085700000, 0x0000000085800000, 0x0000000085800000|100%| E|  |TAMS 0x0000000085700000, 0x0000000085700000| Complete 
|  76|0x0000000085800000, 0x0000000085900000, 0x0000000085900000|100%| E|CS|TAMS 0x0000000085800000, 0x0000000085800000| Complete 
|  77|0x0000000085900000, 0x0000000085a00000, 0x0000000085a00000|100%| E|CS|TAMS 0x0000000085900000, 0x0000000085900000| Complete 
| 127|0x0000000088b00000, 0x0000000088c00000, 0x0000000088c00000|100%| E|CS|TAMS 0x0000000088b00000, 0x0000000088b00000| Complete 

Card table byte_map: [0x00000231e0360000,0x00000231e0760000] _byte_map_base: 0x00000231dff5a000

Marking Bits (Prev, Next): (CMBitMap*) 0x00000231c96a20c0, (CMBitMap*) 0x00000231c96a2080
 Prev Bits: [0x00000231e2b30000, 0x00000231e4b00000)
 Next Bits: [0x00000231e0b60000, 0x00000231e2b30000)

Polling page: 0x00000231c7430000

Metaspace:

Usage:
  Non-class:     50.86 MB used.
      Class:      7.81 MB used.
       Both:     58.67 MB used.

Virtual space:
  Non-class space:       64.00 MB reserved,      51.19 MB ( 80%) committed,  1 nodes.
      Class space:        1.00 GB reserved,       8.06 MB ( <1%) committed,  1 nodes.
             Both:        1.06 GB reserved,      59.25 MB (  5%) committed. 

Chunk freelists:
   Non-Class:  3.95 MB
       Class:  3.98 MB
        Both:  7.93 MB

MaxMetaspaceSize: unlimited
CompressedClassSpaceSize: 1.00 GB
Initial GC threshold: 21.00 MB
Current GC threshold: 93.12 MB
CDS: on
MetaspaceReclaimPolicy: balanced
 - commit_granule_bytes: 65536.
 - commit_granule_words: 8192.
 - virtual_space_node_default_size: 8388608.
 - enlarge_chunks_in_place: 1.
 - new_chunks_are_fully_committed: 0.
 - uncommit_free_chunks: 1.
 - use_allocation_guard: 0.


Internal statistics:

num_allocs_failed_limit: 6.
num_arena_births: 824.
num_arena_deaths: 0.
num_vsnodes_births: 2.
num_vsnodes_deaths: 0.
num_space_committed: 948.
num_space_uncommitted: 0.
num_chunks_returned_to_freelist: 6.
num_chunks_taken_from_freelist: 2967.
num_chunk_merges: 6.
num_chunk_splits: 2192.
num_chunks_enlarged: 1765.
num_inconsistent_stats: 0.

CodeHeap 'non-profiled nmethods': size=120000Kb used=2873Kb max_used=2873Kb free=117126Kb
 bounds [0x00000231d8a30000, 0x00000231d8d10000, 0x00000231dff60000]
CodeHeap 'profiled nmethods': size=120000Kb used=9315Kb max_used=9923Kb free=110685Kb
 bounds [0x00000231d1500000, 0x00000231d1ed0000, 0x00000231d8a30000]
CodeHeap 'non-nmethods': size=5760Kb used=1336Kb max_used=1367Kb free=4424Kb
 bounds [0x00000231d0f60000, 0x00000231d11d0000, 0x00000231d1500000]
 total_blobs=5347 nmethods=4693 adapters=566
 compilation: enabled
              stopped_count=0, restarted_count=0
 full_count=0

Compilation events (20 events):
Event: 12.525 Thread 0x00000231e6f992d0 5496       3       org.apache.catalina.connector.OutputBuffer::transfer (17 bytes)
Event: 12.525 Thread 0x00000231e6f992d0 nmethod 5496 0x00000231d1671e10 code [0x00000231d16720a0, 0x00000231d1672de8]
Event: 12.525 Thread 0x00000231e6f992d0 5498       3       org.attoparser.ParsingMarkupUtil::findNextStructureStart (89 bytes)
Event: 12.525 Thread 0x00000231e6f992d0 nmethod 5498 0x00000231d152b190 code [0x00000231d152b360, 0x00000231d152b698]
Event: 12.526 Thread 0x00000231e6f992d0 5497       3       java.nio.HeapCharBuffer::put (16 bytes)
Event: 12.526 Thread 0x00000231e6f992d0 nmethod 5497 0x00000231d1556590 code [0x00000231d1556760, 0x00000231d1556a88]
Event: 12.526 Thread 0x00000231e6f992d0 5499       3       java.util.HashMap::getNode (150 bytes)
Event: 12.526 Thread 0x00000231e6f992d0 nmethod 5499 0x00000231d1555490 code [0x00000231d15556c0, 0x00000231d15562b8]
Event: 12.527 Thread 0x00000231e6f992d0 5500       3       org.apache.catalina.connector.Request::getContext (8 bytes)
Event: 12.527 Thread 0x00000231e6f992d0 nmethod 5500 0x00000231d1555110 code [0x00000231d15552a0, 0x00000231d15553b8]
Event: 12.528 Thread 0x00000231e6f992d0 5502       3       org.thymeleaf.engine.AbstractTemplateEvent::<init> (20 bytes)
Event: 12.528 Thread 0x00000231e6f992d0 nmethod 5502 0x00000231d1554d10 code [0x00000231d1554ea0, 0x00000231d1555058]
Event: 12.528 Thread 0x00000231e6f992d0 5503       3       org.attoparser.MarkupEventProcessorHandler::peekFromStack (24 bytes)
Event: 12.528 Thread 0x00000231e6f992d0 nmethod 5503 0x00000231d1554890 code [0x00000231d1554a40, 0x00000231d1554bf8]
Event: 12.528 Thread 0x00000231e6f992d0 5504       1       org.apache.tomcat.util.buf.AbstractChunk::getOffset (5 bytes)
Event: 12.528 Thread 0x00000231e6f992d0 nmethod 5504 0x00000231d8c03210 code [0x00000231d8c033a0, 0x00000231d8c03478]
Event: 12.529 Thread 0x00000231e6f992d0 5505       3       java.lang.ThreadLocal::setInitialValue (50 bytes)
Event: 12.530 Thread 0x00000231e6f992d0 nmethod 5505 0x00000231d1779710 code [0x00000231d1779940, 0x00000231d177a298]
Event: 12.530 Thread 0x00000231e6f992d0 5506       3       org.apache.tomcat.util.buf.MessageBytes::toString (79 bytes)
Event: 12.531 Thread 0x00000231e6f992d0 nmethod 5506 0x00000231d1553d10 code [0x00000231d1553f00, 0x00000231d1554718]

GC Heap History (20 events):
Event: 5.016 GC heap before
{Heap before GC invocations=7 (full 0):
 garbage-first heap   total 48128K, used 32255K [0x0000000080c00000, 0x0000000100000000)
  region size 1024K, 18 young (18432K), 1 survivors (1024K)
 Metaspace       used 28304K, committed 28800K, reserved 1114112K
  class space    used 3537K, committed 3776K, reserved 1048576K
}
Event: 5.018 GC heap after
{Heap after GC invocations=8 (full 0):
 garbage-first heap   total 48128K, used 16782K [0x0000000080c00000, 0x0000000100000000)
  region size 1024K, 2 young (2048K), 2 survivors (2048K)
 Metaspace       used 28304K, committed 28800K, reserved 1114112K
  class space    used 3537K, committed 3776K, reserved 1048576K
}
Event: 5.534 GC heap before
{Heap before GC invocations=8 (full 0):
 garbage-first heap   total 48128K, used 33166K [0x0000000080c00000, 0x0000000100000000)
  region size 1024K, 19 young (19456K), 2 survivors (2048K)
 Metaspace       used 33339K, committed 33856K, reserved 1114112K
  class space    used 4285K, committed 4544K, reserved 1048576K
}
Event: 5.536 GC heap after
{Heap after GC invocations=9 (full 0):
 garbage-first heap   total 48128K, used 17594K [0x0000000080c00000, 0x0000000100000000)
  region size 1024K, 3 young (3072K), 3 survivors (3072K)
 Metaspace       used 33339K, committed 33856K, reserved 1114112K
  class space    used 4285K, committed 4544K, reserved 1048576K
}
Event: 5.708 GC heap before
{Heap before GC invocations=9 (full 0):
 garbage-first heap   total 48128K, used 22714K [0x0000000080c00000, 0x0000000100000000)
  region size 1024K, 10 young (10240K), 3 survivors (3072K)
 Metaspace       used 35579K, committed 36096K, reserved 1114112K
  class space    used 4512K, committed 4736K, reserved 1048576K
}
Event: 5.713 GC heap after
{Heap after GC invocations=10 (full 0):
 garbage-first heap   total 48128K, used 18304K [0x0000000080c00000, 0x0000000100000000)
  region size 1024K, 2 young (2048K), 2 survivors (2048K)
 Metaspace       used 35579K, committed 36096K, reserved 1114112K
  class space    used 4512K, committed 4736K, reserved 1048576K
}
Event: 6.219 GC heap before
{Heap before GC invocations=11 (full 0):
 garbage-first heap   total 48128K, used 34688K [0x0000000080c00000, 0x0000000100000000)
  region size 1024K, 19 young (19456K), 2 survivors (2048K)
 Metaspace       used 40384K, committed 40832K, reserved 1114112K
  class space    used 5164K, committed 5376K, reserved 1048576K
}
Event: 6.222 GC heap after
{Heap after GC invocations=12 (full 0):
 garbage-first heap   total 48128K, used 20252K [0x0000000080c00000, 0x0000000100000000)
  region size 1024K, 3 young (3072K), 3 survivors (3072K)
 Metaspace       used 40384K, committed 40832K, reserved 1114112K
  class space    used 5164K, committed 5376K, reserved 1048576K
}
Event: 6.886 GC heap before
{Heap before GC invocations=12 (full 0):
 garbage-first heap   total 48128K, used 34588K [0x0000000080c00000, 0x0000000100000000)
  region size 1024K, 18 young (18432K), 3 survivors (3072K)
 Metaspace       used 45423K, committed 45888K, reserved 1114112K
  class space    used 6009K, committed 6208K, reserved 1048576K
}
Event: 6.889 GC heap after
{Heap after GC invocations=13 (full 0):
 garbage-first heap   total 48128K, used 21206K [0x0000000080c00000, 0x0000000100000000)
  region size 1024K, 1 young (1024K), 1 survivors (1024K)
 Metaspace       used 45423K, committed 45888K, reserved 1114112K
  class space    used 6009K, committed 6208K, reserved 1048576K
}
Event: 7.592 GC heap before
{Heap before GC invocations=13 (full 0):
 garbage-first heap   total 48128K, used 36566K [0x0000000080c00000, 0x0000000100000000)
  region size 1024K, 17 young (17408K), 1 survivors (1024K)
 Metaspace       used 49446K, committed 49984K, reserved 1114112K
  class space    used 6526K, committed 6784K, reserved 1048576K
}
Event: 7.594 GC heap after
{Heap after GC invocations=14 (full 0):
 garbage-first heap   total 48128K, used 22212K [0x0000000080c00000, 0x0000000100000000)
  region size 1024K, 2 young (2048K), 2 survivors (2048K)
 Metaspace       used 49446K, committed 49984K, reserved 1114112K
  class space    used 6526K, committed 6784K, reserved 1048576K
}
Event: 7.924 GC heap before
{Heap before GC invocations=14 (full 0):
 garbage-first heap   total 48128K, used 37572K [0x0000000080c00000, 0x0000000100000000)
  region size 1024K, 17 young (17408K), 2 survivors (2048K)
 Metaspace       used 51102K, committed 51712K, reserved 1114112K
  class space    used 6800K, committed 7104K, reserved 1048576K
}
Event: 7.929 GC heap after
{Heap after GC invocations=15 (full 0):
 garbage-first heap   total 48128K, used 23507K [0x0000000080c00000, 0x0000000100000000)
  region size 1024K, 3 young (3072K), 3 survivors (3072K)
 Metaspace       used 51102K, committed 51712K, reserved 1114112K
  class space    used 6800K, committed 7104K, reserved 1048576K
}
Event: 8.758 GC heap before
{Heap before GC invocations=15 (full 0):
 garbage-first heap   total 48128K, used 37843K [0x0000000080c00000, 0x0000000100000000)
  region size 1024K, 17 young (17408K), 3 survivors (3072K)
 Metaspace       used 53025K, committed 53696K, reserved 1114112K
  class space    used 7052K, committed 7360K, reserved 1048576K
}
Event: 8.762 GC heap after
{Heap after GC invocations=16 (full 0):
 garbage-first heap   total 48128K, used 25194K [0x0000000080c00000, 0x0000000100000000)
  region size 1024K, 3 young (3072K), 3 survivors (3072K)
 Metaspace       used 53025K, committed 53696K, reserved 1114112K
  class space    used 7052K, committed 7360K, reserved 1048576K
}
Event: 9.343 GC heap before
{Heap before GC invocations=16 (full 0):
 garbage-first heap   total 48128K, used 37482K [0x0000000080c00000, 0x0000000100000000)
  region size 1024K, 16 young (16384K), 3 survivors (3072K)
 Metaspace       used 56123K, committed 56704K, reserved 1114112K
  class space    used 7474K, committed 7744K, reserved 1048576K
}
Event: 9.347 GC heap after
{Heap after GC invocations=17 (full 0):
 garbage-first heap   total 48128K, used 26029K [0x0000000080c00000, 0x0000000100000000)
  region size 1024K, 2 young (2048K), 2 survivors (2048K)
 Metaspace       used 56123K, committed 56704K, reserved 1114112K
  class space    used 7474K, committed 7744K, reserved 1048576K
}
Event: 9.703 GC heap before
{Heap before GC invocations=18 (full 0):
 garbage-first heap   total 50176K, used 37293K [0x0000000080c00000, 0x0000000100000000)
  region size 1024K, 13 young (13312K), 2 survivors (2048K)
 Metaspace       used 58627K, committed 59136K, reserved 1114112K
  class space    used 7848K, committed 8064K, reserved 1048576K
}
Event: 9.705 GC heap after
{Heap after GC invocations=19 (full 0):
 garbage-first heap   total 50176K, used 27648K [0x0000000080c00000, 0x0000000100000000)
  region size 1024K, 2 young (2048K), 2 survivors (2048K)
 Metaspace       used 58627K, committed 59136K, reserved 1114112K
  class space    used 7848K, committed 8064K, reserved 1048576K
}

Deoptimization events (20 events):
Event: 12.509 Thread 0x00000231ee84e430 Uncommon trap: trap_request=0xffffffc6 fr.pc=0x00000231d8bdc5bc relative=0x0000000000000f5c
Event: 12.509 Thread 0x00000231ee84e430 Uncommon trap: reason=bimorphic_or_optimized_type_check action=maybe_recompile pc=0x00000231d8bdc5bc method=java.util.stream.ReferencePipeline.forEachWithCancel(Ljava/util/Spliterator;Ljava/util/stream/Sink;)Z @ 13 c2
Event: 12.509 Thread 0x00000231ee84e430 DEOPT PACKING pc=0x00000231d8bdc5bc sp=0x000000762effc2d0
Event: 12.509 Thread 0x00000231ee84e430 DEOPT UNPACKING pc=0x00000231d0fb23a3 sp=0x000000762effc158 mode 2
Event: 12.517 Thread 0x00000231ee84e430 Uncommon trap: trap_request=0xffffffd6 fr.pc=0x00000231d8becccc relative=0x00000000000006ac
Event: 12.517 Thread 0x00000231ee84e430 Uncommon trap: reason=array_check action=maybe_recompile pc=0x00000231d8becccc method=java.util.TimSort.reverseRange([Ljava/lang/Object;II)V @ 20 c2
Event: 12.517 Thread 0x00000231ee84e430 DEOPT PACKING pc=0x00000231d8becccc sp=0x000000762effce70
Event: 12.517 Thread 0x00000231ee84e430 DEOPT UNPACKING pc=0x00000231d0fb23a3 sp=0x000000762effcda0 mode 2
Event: 12.519 Thread 0x00000231ee84e430 Uncommon trap: trap_request=0xffffffd6 fr.pc=0x00000231d8becccc relative=0x00000000000006ac
Event: 12.519 Thread 0x00000231ee84e430 Uncommon trap: reason=array_check action=maybe_recompile pc=0x00000231d8becccc method=java.util.TimSort.reverseRange([Ljava/lang/Object;II)V @ 20 c2
Event: 12.519 Thread 0x00000231ee84e430 DEOPT PACKING pc=0x00000231d8becccc sp=0x000000762effccf0
Event: 12.519 Thread 0x00000231ee84e430 DEOPT UNPACKING pc=0x00000231d0fb23a3 sp=0x000000762effcc20 mode 2
Event: 12.525 Thread 0x00000231ee84e430 Uncommon trap: trap_request=0xffffff45 fr.pc=0x00000231d8af6f44 relative=0x00000000000003e4
Event: 12.525 Thread 0x00000231ee84e430 Uncommon trap: reason=unstable_if action=reinterpret pc=0x00000231d8af6f44 method=org.thymeleaf.util.ProcessorComparators$ProcessorPrecedenceComparator.compare(Lorg/thymeleaf/processor/IProcessor;Lorg/thymeleaf/processor/IProcessor;)I @ 2 c2
Event: 12.525 Thread 0x00000231ee84e430 DEOPT PACKING pc=0x00000231d8af6f44 sp=0x000000762effcd90
Event: 12.525 Thread 0x00000231ee84e430 DEOPT UNPACKING pc=0x00000231d0fb23a3 sp=0x000000762effcd28 mode 2
Event: 12.525 Thread 0x00000231ee84e430 Uncommon trap: trap_request=0xffffff45 fr.pc=0x00000231d8adc344 relative=0x0000000000000324
Event: 12.525 Thread 0x00000231ee84e430 Uncommon trap: reason=unstable_if action=reinterpret pc=0x00000231d8adc344 method=java.lang.StringUTF16.compress([CII)[B @ 13 c2
Event: 12.525 Thread 0x00000231ee84e430 DEOPT PACKING pc=0x00000231d8adc344 sp=0x000000762effcd00
Event: 12.525 Thread 0x00000231ee84e430 DEOPT UNPACKING pc=0x00000231d0fb23a3 sp=0x000000762effcc40 mode 2

Classes loaded (20 events):
Event: 9.372 Loading class java/util/AbstractMap$SimpleEntry
Event: 9.372 Loading class java/util/AbstractMap$SimpleEntry done
Event: 9.395 Loading class java/util/regex/Pattern$SliceI
Event: 9.395 Loading class java/util/regex/Pattern$SliceI done
Event: 9.395 Loading class java/util/regex/Pattern$Bound
Event: 9.395 Loading class java/util/regex/Pattern$Bound done
Event: 9.477 Loading class java/util/concurrent/locks/ReentrantReadWriteLock$FairSync
Event: 9.477 Loading class java/util/concurrent/locks/ReentrantReadWriteLock$FairSync done
Event: 9.549 Loading class java/util/EnumMap$EntryIterator$Entry
Event: 9.549 Loading class java/util/EnumMap$EntryIterator$Entry done
Event: 9.936 Loading class java/math/BigDecimal$StringBuilderHelper
Event: 9.936 Loading class java/math/BigDecimal$StringBuilderHelper done
Event: 10.011 Loading class java/util/ArrayList$SubList$2
Event: 10.014 Loading class java/util/ArrayList$SubList$2 done
Event: 10.027 Loading class java/time/format/DateTimeFormatterBuilder$ZoneTextPrinterParser
Event: 10.027 Loading class java/time/format/DateTimeFormatterBuilder$ZoneTextPrinterParser done
Event: 10.027 Loading class java/time/format/DateTimeFormatterBuilder$ReducedPrinterParser
Event: 10.028 Loading class java/time/format/DateTimeFormatterBuilder$ReducedPrinterParser done
Event: 10.193 Loading class jdk/internal/access/foreign/MemorySegmentProxy
Event: 10.194 Loading class jdk/internal/access/foreign/MemorySegmentProxy done

Classes unloaded (0 events):
No events

Classes redefined (0 events):
No events

Internal exceptions (20 events):
Event: 7.420 Thread 0x00000231eba09860 Implicit null exception at 0x00000231d8cb7f43 to 0x00000231d8cb8150
Event: 7.465 Thread 0x00000231eba09860 Implicit null exception at 0x00000231d8ca2490 to 0x00000231d8ca3ba4
Event: 7.471 Thread 0x00000231eba09860 Exception <a 'java/lang/IncompatibleClassChangeError'{0x0000000082e33628}: Found class java.lang.Object, but interface was expected> (0x0000000082e33628) 
thrown [t:\workspace\open\src\hotspot\share\interpreter\linkResolver.cpp, line 833]
Event: 7.520 Thread 0x00000231eba09860 Exception <a 'java/lang/IncompatibleClassChangeError'{0x0000000082d8bf08}: Found class java.lang.Object, but interface was expected> (0x0000000082d8bf08) 
thrown [t:\workspace\open\src\hotspot\share\interpreter\linkResolver.cpp, line 833]
Event: 7.685 Thread 0x00000231eba09860 Exception <a 'java/lang/IncompatibleClassChangeError'{0x00000000857ee1f8}: Found class java.lang.Object, but interface was expected> (0x00000000857ee1f8) 
thrown [t:\workspace\open\src\hotspot\share\interpreter\linkResolver.cpp, line 833]
Event: 7.803 Thread 0x00000231eba09860 Exception <a 'java/lang/NoSuchMethodError'{0x0000000082f10860}: 'java.lang.Object java.lang.invoke.DirectMethodHandle$Holder.newInvokeSpecial(java.lang.Object, java.lang.Object, java.lang.Object, java.lang.Object, java.lang.Object, java.lang.Object, java.lang.Object, java.lang.Object)'> (0x0000000082f10860) 
thrown [t:\workspace\open\src\hotspot\share\interpreter\linkResolver.cpp, line 766]
Event: 7.948 Thread 0x00000231eba09860 Exception <a 'java/lang/IncompatibleClassChangeError'{0x0000000088bc5630}: Found class java.lang.Object, but interface was expected> (0x0000000088bc5630) 
thrown [t:\workspace\open\src\hotspot\share\interpreter\linkResolver.cpp, line 833]
Event: 8.063 Thread 0x00000231eba09860 Exception <a 'java/lang/NoSuchMethodError'{0x00000000858c17f0}: 'void java.lang.invoke.DirectMethodHandle$Holder.invokeVirtual(java.lang.Object, java.lang.Object, long)'> (0x00000000858c17f0) 
thrown [t:\workspace\open\src\hotspot\share\interpreter\linkResolver.cpp, line 766]
Event: 8.292 Thread 0x00000231eba09860 Exception <a 'java/lang/IncompatibleClassChangeError'{0x00000000853ff2e0}: Found class java.lang.Object, but interface was expected> (0x00000000853ff2e0) 
thrown [t:\workspace\open\src\hotspot\share\interpreter\linkResolver.cpp, line 833]
Event: 8.353 Thread 0x00000231eba09860 Exception <a 'java/lang/NoSuchMethodError'{0x0000000083197288}: 'int java.lang.invoke.DirectMethodHandle$Holder.invokeStaticInit(java.lang.Object, java.lang.Object, java.lang.Object, java.lang.Object)'> (0x0000000083197288) 
thrown [t:\workspace\open\src\hotspot\share\interpreter\linkResolver.cpp, line 766]
Event: 8.717 Thread 0x00000231eba09860 Implicit null exception at 0x00000231d8b3e7ba to 0x00000231d8b3e9a0
Event: 8.839 Thread 0x00000231eba09860 Exception <a 'java/lang/NoSuchMethodError'{0x00000000857102d8}: 'java.lang.Object java.lang.invoke.DirectMethodHandle$Holder.newInvokeSpecial(java.lang.Object, java.lang.Object, int, java.lang.Object, java.lang.Object)'> (0x00000000857102d8) 
thrown [t:\workspace\open\src\hotspot\share\interpreter\linkResolver.cpp, line 766]
Event: 8.840 Thread 0x00000231eba09860 Exception <a 'java/lang/NoSuchMethodError'{0x000000008571b8c8}: 'java.lang.Object java.lang.invoke.DirectMethodHandle$Holder.invokeSpecial(java.lang.Object, java.lang.Object, int, java.lang.Object, int, java.lang.Object)'> (0x000000008571b8c8) 
thrown [t:\workspace\open\src\hotspot\share\interpreter\linkResolver.cpp, line 766]
Event: 8.840 Thread 0x00000231eba09860 Exception <a 'java/lang/NoSuchMethodError'{0x0000000085723608}: 'java.lang.Object java.lang.invoke.DirectMethodHandle$Holder.newInvokeSpecial(java.lang.Object, java.lang.Object, int, java.lang.Object, int)'> (0x0000000085723608) 
thrown [t:\workspace\open\src\hotspot\share\interpreter\linkResolver.cpp, line 766]
Event: 8.840 Thread 0x00000231eba09860 Exception <a 'java/lang/NoSuchMethodError'{0x00000000857276c8}: 'java.lang.Object java.lang.invoke.DirectMethodHandle$Holder.invokeSpecial(java.lang.Object, java.lang.Object, java.lang.Object, int, java.lang.Object, int)'> (0x00000000857276c8) 
thrown [t:\workspace\open\src\hotspot\share\interpreter\linkResolver.cpp, line 766]
Event: 9.180 Thread 0x00000231ee84d0f0 Exception <a 'java/lang/NoSuchMethodError'{0x000000008531b098}: 'java.lang.Object java.lang.invoke.DirectMethodHandle$Holder.invokeSpecial(java.lang.Object, java.lang.Object, java.lang.Object, java.lang.Object, java.lang.Object, long)'> (0x000000008531b098) 
thrown [t:\workspace\open\src\hotspot\share\interpreter\linkResolver.cpp, line 766]
Event: 9.180 Thread 0x00000231ee84d0f0 Exception <a 'java/lang/NoSuchMethodError'{0x000000008531ea98}: 'java.lang.Object java.lang.invoke.Invokers$Holder.linkToTargetMethod(java.lang.Object, java.lang.Object, java.lang.Object, long, java.lang.Object)'> (0x000000008531ea98) 
thrown [t:\workspace\open\src\hotspot\share\interpreter\linkResolver.cpp, line 766]
Event: 9.333 Thread 0x00000231ee84d0f0 Exception <a 'java/lang/NoSuchMethodError'{0x0000000082e9cf78}: 'java.lang.Object java.lang.invoke.DirectMethodHandle$Holder.invokeInterface(java.lang.Object, java.lang.Object, java.lang.Object, java.lang.Object)'> (0x0000000082e9cf78) 
thrown [t:\workspace\open\src\hotspot\share\interpreter\linkResolver.cpp, line 766]
Event: 9.401 Thread 0x00000231ee84d0f0 Exception <a 'java/lang/IncompatibleClassChangeError'{0x000000008582a250}: Found class java.lang.Object, but interface was expected> (0x000000008582a250) 
thrown [t:\workspace\open\src\hotspot\share\interpreter\linkResolver.cpp, line 833]
Event: 10.010 Thread 0x00000231ee84f770 Exception <a 'java/lang/NoSuchMethodError'{0x000000008550a290}: 'java.lang.Object java.lang.invoke.DirectMethodHandle$Holder.invokeStatic(java.lang.Object, int, int)'> (0x000000008550a290) 
thrown [t:\workspace\open\src\hotspot\share\interpreter\linkResolver.cpp, line 766]

VM Operations (20 events):
Event: 8.926 Executing VM operation: HandshakeAllThreads
Event: 8.934 Executing VM operation: HandshakeAllThreads done
Event: 9.196 Executing VM operation: HandshakeAllThreads
Event: 9.197 Executing VM operation: HandshakeAllThreads done
Event: 9.343 Executing VM operation: G1CollectForAllocation
Event: 9.347 Executing VM operation: G1CollectForAllocation done
Event: 9.386 Executing VM operation: G1Concurrent
Event: 9.389 Executing VM operation: G1Concurrent done
Event: 9.408 Executing VM operation: G1Concurrent
Event: 9.408 Executing VM operation: G1Concurrent done
Event: 9.445 Executing VM operation: HandshakeAllThreads
Event: 9.445 Executing VM operation: HandshakeAllThreads done
Event: 9.453 Executing VM operation: HandshakeAllThreads
Event: 9.453 Executing VM operation: HandshakeAllThreads done
Event: 9.529 Executing VM operation: HandshakeAllThreads
Event: 9.529 Executing VM operation: HandshakeAllThreads done
Event: 9.703 Executing VM operation: G1CollectForAllocation
Event: 9.705 Executing VM operation: G1CollectForAllocation done
Event: 10.716 Executing VM operation: Cleanup
Event: 10.716 Executing VM operation: Cleanup done

Events (20 events):
Event: 8.853 Thread 0x00000231ee84d0f0 Thread added: 0x00000231ee84d0f0
Event: 8.853 Thread 0x00000231ee84f770 Thread added: 0x00000231ee84f770
Event: 8.853 Thread 0x00000231ee84df60 Thread added: 0x00000231ee84df60
Event: 8.853 Thread 0x00000231ee84da90 Thread added: 0x00000231ee84da90
Event: 8.854 Thread 0x00000231ee84d5c0 Thread added: 0x00000231ee84d5c0
Event: 8.854 Thread 0x00000231ee84e430 Thread added: 0x00000231ee84e430
Event: 8.854 Thread 0x00000231ee84f2a0 Thread added: 0x00000231ee84f2a0
Event: 8.854 Thread 0x00000231ee84a0d0 Thread added: 0x00000231ee84a0d0
Event: 8.854 Thread 0x00000231ee84bdb0 Thread added: 0x00000231ee84bdb0
Event: 8.854 Thread 0x00000231ee84aa70 Thread added: 0x00000231ee84aa70
Event: 8.905 Thread 0x00000231ee84e900 Thread added: 0x00000231ee84e900
Event: 8.908 Thread 0x00000231ee84edd0 Thread added: 0x00000231ee84edd0
Event: 8.941 Thread 0x00000231eba09860 Thread exited: 0x00000231eba09860
Event: 8.945 Thread 0x00000231ebca17d0 Thread exited: 0x00000231ebca17d0
Event: 8.946 Thread 0x00000231c9641700 Thread exited: 0x00000231c9641700
Event: 8.946 Thread 0x00000231ee84fc40 Thread added: 0x00000231ee84fc40
Event: 9.173 Thread 0x00000231ed5b0990 Thread exited: 0x00000231ed5b0990
Event: 10.315 Thread 0x00000231edce94b0 Thread added: 0x00000231edce94b0
Event: 11.156 Thread 0x00000231ec08c610 Thread exited: 0x00000231ec08c610
Event: 11.892 Thread 0x00000231edce94b0 Thread exited: 0x00000231edce94b0


Dynamic libraries:
0x00007ff7fe7a0000 - 0x00007ff7fe7b0000 	C:\Program Files\Java\jdk-18\bin\java.exe
0x00007ffdf19b0000 - 0x00007ffdf1ba8000 	C:\WINDOWS\SYSTEM32\ntdll.dll
0x00007ffdf1700000 - 0x00007ffdf17bf000 	C:\WINDOWS\System32\KERNEL32.DLL
0x00007ffdef160000 - 0x00007ffdef432000 	C:\WINDOWS\System32\KERNELBASE.dll
0x00007ffdef440000 - 0x00007ffdef540000 	C:\WINDOWS\System32\ucrtbase.dll
0x00007ffde7f10000 - 0x00007ffde7f2a000 	C:\Program Files\Java\jdk-18\bin\VCRUNTIME140.dll
0x00007ffde84d0000 - 0x00007ffde84e8000 	C:\Program Files\Java\jdk-18\bin\jli.dll
0x00007ffdf17c0000 - 0x00007ffdf186e000 	C:\WINDOWS\System32\ADVAPI32.dll
0x00007ffdf18d0000 - 0x00007ffdf196e000 	C:\WINDOWS\System32\msvcrt.dll
0x00007ffdefa20000 - 0x00007ffdefabc000 	C:\WINDOWS\System32\sechost.dll
0x00007ffdf0c60000 - 0x00007ffdf0d84000 	C:\WINDOWS\System32\RPCRT4.dll
0x00007ffdf0ea0000 - 0x00007ffdf1041000 	C:\WINDOWS\System32\USER32.dll
0x00007ffdef0b0000 - 0x00007ffdef0d2000 	C:\WINDOWS\System32\win32u.dll
0x00007ffddd000000 - 0x00007ffddd29a000 	C:\WINDOWS\WinSxS\amd64_microsoft.windows.common-controls_6595b64144ccf1df_6.0.19041.1110_none_60b5254171f9507e\COMCTL32.dll
0x00007ffdf0000000 - 0x00007ffdf002b000 	C:\WINDOWS\System32\GDI32.dll
0x00007ffdef5f0000 - 0x00007ffdef6ff000 	C:\WINDOWS\System32\gdi32full.dll
0x00007ffdef700000 - 0x00007ffdef79d000 	C:\WINDOWS\System32\msvcp_win.dll
0x00007ffde6900000 - 0x00007ffde690a000 	C:\WINDOWS\SYSTEM32\VERSION.dll
0x00007ffdf0d90000 - 0x00007ffdf0dc0000 	C:\WINDOWS\System32\IMM32.DLL
0x00007ffdb8240000 - 0x00007ffdb824c000 	C:\Program Files\Java\jdk-18\bin\vcruntime140_1.dll
0x00007ffd55370000 - 0x00007ffd553fd000 	C:\Program Files\Java\jdk-18\bin\msvcp140.dll
0x00007ffd54750000 - 0x00007ffd55361000 	C:\Program Files\Java\jdk-18\bin\server\jvm.dll
0x00007ffdefc50000 - 0x00007ffdefc58000 	C:\WINDOWS\System32\PSAPI.DLL
0x00007ffdd74d0000 - 0x00007ffdd74d9000 	C:\WINDOWS\SYSTEM32\WSOCK32.dll
0x00007ffde3b50000 - 0x00007ffde3b77000 	C:\WINDOWS\SYSTEM32\WINMM.dll
0x00007ffdf0e30000 - 0x00007ffdf0e9b000 	C:\WINDOWS\System32\WS2_32.dll
0x00007ffdecf90000 - 0x00007ffdecfa2000 	C:\WINDOWS\SYSTEM32\kernel.appcore.dll
0x00007ffdb4d60000 - 0x00007ffdb4d6a000 	C:\Program Files\Java\jdk-18\bin\jimage.dll
0x00007ffde2550000 - 0x00007ffde2734000 	C:\WINDOWS\SYSTEM32\DBGHELP.DLL
0x00007ffddb010000 - 0x00007ffddb045000 	C:\WINDOWS\SYSTEM32\dbgcore.DLL
0x00007ffdef970000 - 0x00007ffdef9f2000 	C:\WINDOWS\System32\bcryptPrimitives.dll
0x00007ffdeabb0000 - 0x00007ffdeabbe000 	C:\Program Files\Java\jdk-18\bin\instrument.dll
0x00007ffdb4ad0000 - 0x00007ffdb4af5000 	C:\Program Files\Java\jdk-18\bin\java.dll
0x00007ffd54670000 - 0x00007ffd54746000 	C:\Program Files\Java\jdk-18\bin\jsvml.dll
0x00007ffdf04a0000 - 0x00007ffdf0be5000 	C:\WINDOWS\System32\SHELL32.dll
0x00007ffded190000 - 0x00007ffded922000 	C:\WINDOWS\SYSTEM32\windows.storage.dll
0x00007ffdf1220000 - 0x00007ffdf1575000 	C:\WINDOWS\System32\combase.dll
0x00007ffdeeb10000 - 0x00007ffdeeb40000 	C:\WINDOWS\SYSTEM32\Wldp.dll
0x00007ffdf1650000 - 0x00007ffdf16fd000 	C:\WINDOWS\System32\SHCORE.dll
0x00007ffdf0dc0000 - 0x00007ffdf0e15000 	C:\WINDOWS\System32\shlwapi.dll
0x00007ffdeeff0000 - 0x00007ffdef00f000 	C:\WINDOWS\SYSTEM32\profapi.dll
0x00007ffd88770000 - 0x00007ffd88788000 	C:\Program Files\Java\jdk-18\bin\zip.dll
0x00007ffd8e580000 - 0x00007ffd8e593000 	C:\Program Files\Java\jdk-18\bin\net.dll
0x00007ffde47f0000 - 0x00007ffde48fa000 	C:\WINDOWS\SYSTEM32\WINHTTP.dll
0x00007ffdee870000 - 0x00007ffdee8da000 	C:\WINDOWS\system32\mswsock.dll
0x00007ffd8cd80000 - 0x00007ffd8cd96000 	C:\Program Files\Java\jdk-18\bin\nio.dll
0x00007ffdea1e0000 - 0x00007ffdea1fa000 	C:\Program Files\JetBrains\IntelliJ IDEA Community Edition 2022.3.2\bin\breakgen64.dll
0x00007ffdeac30000 - 0x00007ffdeac39000 	C:\Program Files\Java\jdk-18\bin\management.dll
0x00007ffdeac20000 - 0x00007ffdeac2b000 	C:\Program Files\Java\jdk-18\bin\management_ext.dll
0x00007ffd9cbe0000 - 0x00007ffd9cbf0000 	C:\Program Files\Java\jdk-18\bin\verify.dll
0x00007ffdeea70000 - 0x00007ffdeea88000 	C:\WINDOWS\SYSTEM32\CRYPTSP.dll
0x00007ffdee0b0000 - 0x00007ffdee0e4000 	C:\WINDOWS\system32\rsaenh.dll
0x00007ffdef0e0000 - 0x00007ffdef107000 	C:\WINDOWS\System32\bcrypt.dll
0x00007ffdeefb0000 - 0x00007ffdeefde000 	C:\WINDOWS\SYSTEM32\USERENV.dll
0x00007ffdeea60000 - 0x00007ffdeea6c000 	C:\WINDOWS\SYSTEM32\CRYPTBASE.dll
0x00007ffdee4f0000 - 0x00007ffdee52b000 	C:\WINDOWS\SYSTEM32\IPHLPAPI.DLL
0x00007ffdf0c50000 - 0x00007ffdf0c58000 	C:\WINDOWS\System32\NSI.dll
0x00007ffde6910000 - 0x00007ffde6927000 	C:\WINDOWS\SYSTEM32\dhcpcsvc6.DLL
0x00007ffde68e0000 - 0x00007ffde68fd000 	C:\WINDOWS\SYSTEM32\dhcpcsvc.DLL
0x00007ffdee560000 - 0x00007ffdee62b000 	C:\WINDOWS\SYSTEM32\DNSAPI.dll
0x00007ffdeaba0000 - 0x00007ffdeabae000 	C:\Program Files\Java\jdk-18\bin\sunmscapi.dll
0x00007ffdef7a0000 - 0x00007ffdef8f6000 	C:\WINDOWS\System32\CRYPT32.dll
0x00007ffdeeb80000 - 0x00007ffdeeba7000 	C:\WINDOWS\SYSTEM32\ncrypt.dll
0x00007ffdeeb40000 - 0x00007ffdeeb7b000 	C:\WINDOWS\SYSTEM32\NTASN1.dll
0x00007ffde68d0000 - 0x00007ffde68da000 	C:\Windows\System32\rasadhlp.dll
0x00007ffde3080000 - 0x00007ffde3100000 	C:\WINDOWS\System32\fwpuclnt.dll

dbghelp: loaded successfully - version: 4.0.5 - missing functions: none
symbol engine: initialized successfully - sym options: 0x614 - pdb path: .;C:\Program Files\Java\jdk-18\bin;C:\WINDOWS\SYSTEM32;C:\WINDOWS\WinSxS\amd64_microsoft.windows.common-controls_6595b64144ccf1df_6.0.19041.1110_none_60b5254171f9507e;C:\Program Files\Java\jdk-18\bin\server;C:\Program Files\JetBrains\IntelliJ IDEA Community Edition 2022.3.2\bin

VM Arguments:
jvm_args: -javaagent:C:\Program Files\JetBrains\IntelliJ IDEA Community Edition 2022.3.2\lib\idea_rt.jar=52924:C:\Program Files\JetBrains\IntelliJ IDEA Community Edition 2022.3.2\bin -Dfile.encoding=UTF-8 -Dsun.stdout.encoding=UTF-8 -Dsun.stderr.encoding=UTF-8 
java_command: com.experis.pizza.SpringLaMiaPizzeriaCrudApplication
java_class_path (initial): D:\Gioan_40\BOOLEAN\EXPERIS_BOOLEAN\ESERCIZI\015_29_03_23\pizza\target\classes;C:\Users\giova\.m2\repository\org\springframework\boot\spring-boot-starter-data-jpa\3.0.5\spring-boot-starter-data-jpa-3.0.5.jar;C:\Users\giova\.m2\repository\org\springframework\boot\spring-boot-starter-aop\3.0.5\spring-boot-starter-aop-3.0.5.jar;C:\Users\giova\.m2\repository\org\springframework\spring-aop\6.0.7\spring-aop-6.0.7.jar;C:\Users\giova\.m2\repository\org\aspectj\aspectjweaver\1.9.19\aspectjweaver-1.9.19.jar;C:\Users\giova\.m2\repository\org\springframework\boot\spring-boot-starter-jdbc\3.0.5\spring-boot-starter-jdbc-3.0.5.jar;C:\Users\giova\.m2\repository\com\zaxxer\HikariCP\5.0.1\HikariCP-5.0.1.jar;C:\Users\giova\.m2\repository\org\springframework\spring-jdbc\6.0.7\spring-jdbc-6.0.7.jar;C:\Users\giova\.m2\repository\org\hibernate\orm\hibernate-core\6.1.7.Final\hibernate-core-6.1.7.Final.jar;C:\Users\giova\.m2\repository\jakarta\persistence\jakarta.persistence-api\3.1.0\jakarta.persistence-api-3.1.0.jar;C:\Users\giova\.m2\repository\jakarta\transaction\jakarta.transaction-api\2.0.1\jakarta.transaction-api-2.0.1.jar;C:\Users\giova\.m2\repository\org\jboss\logging\jboss-logging\3.5.0.Final\jboss-logging-3.5.0.Final.jar;C:\Users\giova\.m2\repository\org\hibernate\common\hibernate-commons-annotations\6.0.6.Final\hibernate-commons-annotations-6.0.6.Final.jar;C:\Users\giova\.m2\repository\org\jboss\jandex\2.4.2.Final\jandex-2.4.2.Final.jar;C:\Users\giova\.m2\repository\com\fasterxml\classmate\1.5.1\classmate-1.5.1.jar;C:\Users\giova\.m2\repository\net\bytebuddy\byte-buddy\1.12.23\byte-buddy-1.12.23.jar;C:\Users\giova\.m2\repository\org\glassfish\jaxb\jaxb-runtime\4.0.2\jaxb-runtime-4.0.2.jar;C:\Users\giova\.m2\repository\org\glassfish\jaxb\jaxb-core\4.0.2\jaxb-core-4.0.2.jar;C:\Users\giova\.m2\repository\org\eclipse\angus\angus-activation\2.0.0\angus-activation-2.0.0.jar;C:\Users\giova\.m2\repository\org\glassfish\jaxb\txw2\4.0.2\txw2-4.0.2.jar;C:\Users\giova\.m2\repository\com\sun\istack\istack-commons-runtime\4.1.1\istack-commons-runtime-4.1.1.jar;C:\Users\giova\.m2\repository\jakarta\inject\jakarta.inject-api\2.0.0\jakarta.inject-api-2.0.0.jar;C:\Users\giova\.m2\repository\org\antlr\antlr4-runtime\4.10.1\antlr4-runtime-4.10.1.jar;C:\Users\giova\.m2\repository\org\springframework\data\spring-data-jpa\3.0.4\spring-data-jpa-3.0.4.jar;C:\Users\giova\.m2\repository\org\springframework\data\spring-data-commons\3.0.4\spring-data-commons-3.0.4.jar;C:\Users\giova\.m2\repository\org\springframework\spring-orm\6.0.7\spring-orm-6.0.7.jar;C:\Users\giova\.m2\repository\org\springframework\spring-context\6.0.7\spring-context-6.0.7.jar;C:\Users\giova\.m2\repository\org\springframework\spring-tx\6.0.7\spring-tx-6.0.7.jar;C:\Users\giova\.m2\repository\org\springframework\spring-beans\6.0.7\spring-beans-6.0.7.jar;C:\Users\giova\.m2\repository\jakarta\annotation\jakarta.annotation-api\2.1.1\jakarta.annotation-api-2.1.1.jar;C:\Users\giova\.m2\repository\org\slf4j\slf4j-api\2.0.7\slf4j-api-2.0.7.jar;C:\Users\giova\.m2\repository\org\springframework\spring-aspects\6.0.7\spring-aspects-6.0.7.jar;C:\Users\giova\.m2\repository\org\springframework\boot\spring-boot-starter-thymeleaf\3.0.5\spring-boot-starter-thymeleaf-3.0.5.jar;C:\Users\giova\.m2\repository\org\springframework\boot\spring-boot-starter\3.0.5\spring-boot-starter-3.0.5.jar;C:\Users\giova\.m2\repository\org\springframework\boot\spring-boot-starter-logging\3.0.5\spring-boot-starter-logging-3.0.5.jar;C:\Users\giova\.m2\repository\ch\qos\logback\logback-classic\1.4.6\logback-classic-1.4.6.jar;C:\Users\giova\.m2\repository\ch\qos\logback\logback-core\1.4.6\logback-core-1.4.6.jar;C:\Users\giova\.m2\repository\org\apache\logging\log4j\log4j-to-slf4j\2.19.0\log4j-to-slf4j-2.19.0.jar;C:\Users\giova\.m2\repository\org\apache\logging\log4j\log4j-api\2.19.0\log4j-api-2.19.0.jar;C:\Users\giova\.m2\repository\org\slf4j\jul-to-slf4j\2.0.7\jul-to-slf4j-2.0.7.jar;C:\Users\giova\.m2\repository\org\yaml\snakeyaml\1.33\snakeyaml-1.33.jar;C:\Users\giova\.m2\repository\org\thymeleaf\thymeleaf-spring6\3.1.1.RELEASE\thymeleaf-spring6-3.1.1.RELEASE.jar;C:\Users\giova\.m2\repository\org\thymeleaf\thymeleaf\3.1.1.RELEASE\thymeleaf-3.1.1.RELEASE.jar;C:\Users\giova\.m2\repository\org\attoparser\attoparser\2.0.6.RELEASE\attoparser-2.0.6.RELEASE.jar;C:\Users\giova\.m2\repository\org\unbescape\unbescape\1.1.6.RELEASE\unbescape-1.1.6.RELEASE.jar;C:\Users\giova\.m2\repository\org\springframework\boot\spring-boot-starter-web\3.0.5\spring-boot-starter-web-3.0.5.jar;C:\Users\giova\.m2\repository\org\springframework\boot\spring-boot-starter-json\3.0.5\spring-boot-starter-json-3.0.5.jar;C:\Users\giova\.m2\repository\com\fasterxml\jackson\core\jackson-databind\2.14.2\jackson-databind-2.14.2.jar;C:\Users\giova\.m2\repository\com\fasterxml\jackson\core\jackson-annotations\2.14.2\jackson-annotations-2.14.2.jar;C:\Users\giova\.m2\repository\com\fasterxml\jackson\core\jackson-core\2.14.2\jackson-core-2.14.2.jar;C:\Users\giova\.m2\repository\com\fasterxml\jackson\datatype\jackson-datatype-jdk8\2.14.2\jackson-datatype-jdk8-2.14.2.jar;C:\Users\giova\.m2\repository\com\fasterxml\jackson\datatype\jackson-datatype-jsr310\2.14.2\jackson-datatype-jsr310-2.14.2.jar;C:\Users\giova\.m2\repository\com\fasterxml\jackson\module\jackson-module-parameter-names\2.14.2\jackson-module-parameter-names-2.14.2.jar;C:\Users\giova\.m2\repository\org\springframework\boot\spring-boot-starter-tomcat\3.0.5\spring-boot-starter-tomcat-3.0.5.jar;C:\Users\giova\.m2\repository\org\apache\tomcat\embed\tomcat-embed-core\10.1.7\tomcat-embed-core-10.1.7.jar;C:\Users\giova\.m2\repository\org\apache\tomcat\embed\tomcat-embed-el\10.1.7\tomcat-embed-el-10.1.7.jar;C:\Users\giova\.m2\repository\org\apache\tomcat\embed\tomcat-embed-websocket\10.1.7\tomcat-embed-websocket-10.1.7.jar;C:\Users\giova\.m2\repository\org\springframework\spring-web\6.0.7\spring-web-6.0.7.jar;C:\Users\giova\.m2\repository\io\micrometer\micrometer-observation\1.10.5\micrometer-observation-1.10.5.jar;C:\Users\giova\.m2\repository\io\micrometer\micrometer-commons\1.10.5\micrometer-commons-1.10.5.jar;C:\Users\giova\.m2\repository\org\springframework\spring-webmvc\6.0.7\spring-webmvc-6.0.7.jar;C:\Users\giova\.m2\repository\org\springframework\spring-expression\6.0.7\spring-expression-6.0.7.jar;C:\Users\giova\.m2\repository\org\springframework\boot\spring-boot-devtools\3.0.5\spring-boot-devtools-3.0.5.jar;C:\Users\giova\.m2\repository\org\springframework\boot\spring-boot\3.0.5\spring-boot-3.0.5.jar;C:\Users\giova\.m2\repository\org\springframework\boot\spring-boot-autoconfigure\3.0.5\spring-boot-autoconfigure-3.0.5.jar;C:\Users\giova\.m2\repository\com\mysql\mysql-connector-j\8.0.32\mysql-connector-j-8.0.32.jar;C:\Users\giova\.m2\repository\jakarta\xml\bind\jakarta.xml.bind-api\4.0.0\jakarta.xml.bind-api-4.0.0.jar;C:\Users\giova\.m2\repository\jakarta\activation\jakarta.activation-api\2.1.1\jakarta.activation-api-2.1.1.jar;C:\Users\giova\.m2\repository\org\springframework\spring-core\6.0.7\spring-core-6.0.7.jar;C:\Users\giova\.m2\repository\org\springframework\spring-jcl\6.0.7\spring-jcl-6.0.7.jar;C:\Users\giova\.m2\repository\org\webjars\bootstrap\5.2.3\bootstrap-5.2.3.jar
Launcher Type: SUN_STANDARD

[Global flags]
     intx CICompilerCount                          = 3                                         {product} {ergonomic}
     uint ConcGCThreads                            = 1                                         {product} {ergonomic}
     uint G1ConcRefinementThreads                  = 4                                         {product} {ergonomic}
   size_t G1HeapRegionSize                         = 1048576                                   {product} {ergonomic}
    uintx GCDrainStackTargetSize                   = 64                                        {product} {ergonomic}
   size_t InitialHeapSize                          = 134217728                                 {product} {ergonomic}
   size_t MarkStackSize                            = 4194304                                   {product} {ergonomic}
   size_t MaxHeapSize                              = 2134900736                                {product} {ergonomic}
   size_t MaxNewSize                               = 1280311296                                {product} {ergonomic}
   size_t MinHeapDeltaBytes                        = 1048576                                   {product} {ergonomic}
   size_t MinHeapSize                              = 8388608                                   {product} {ergonomic}
    uintx NonNMethodCodeHeapSize                   = 5832780                                {pd product} {ergonomic}
    uintx NonProfiledCodeHeapSize                  = 122912730                              {pd product} {ergonomic}
    uintx ProfiledCodeHeapSize                     = 122912730                              {pd product} {ergonomic}
    uintx ReservedCodeCacheSize                    = 251658240                              {pd product} {ergonomic}
     bool SegmentedCodeCache                       = true                                      {product} {ergonomic}
   size_t SoftMaxHeapSize                          = 2134900736                             {manageable} {ergonomic}
     bool UseCompressedClassPointers               = true                           {product lp64_product} {ergonomic}
     bool UseCompressedOops                        = true                           {product lp64_product} {ergonomic}
     bool UseG1GC                                  = true                                      {product} {ergonomic}
     bool UseLargePagesIndividualAllocation        = false                                  {pd product} {ergonomic}

Logging:
Log output configuration:
 #0: stdout all=warning uptime,level,tags foldmultilines=false
 #1: stderr all=off uptime,level,tags foldmultilines=false

Environment Variables:
PATH=C:\Program Files\Eclipse Adoptium\jdk-17.0.6.10-hotspot\bin;C:\Python39\Scripts\;C:\Python39\;C:\Program Files\Common Files\Oracle\Java\javapath;C:\Program Files (x86)\ImageMagick-7.0.10-Q8;C:\Program Files\NVIDIA GPU Computing Toolkit\CUDA\v11.0\bin;C:\Program Files\NVIDIA GPU Computing Toolkit\CUDA\v11.0\libnvvp;C:\ProgramData\Oracle\Java\javapath;C:\Python27\;C:\Python27\Scripts;C:\Program Files (x86)\Intel\iCLS Client\;C:\Program Files\Intel\iCLS Client\;C:\Windows\system32;C:\Windows;C:\Windows\System32\Wbem;C:\Windows\System32\WindowsPowerShell\v1.0\;C:\WINDOWS\system32;C:\WINDOWS;C:\WINDOWS\System32\Wbem;C:\WINDOWS\System32\WindowsPowerShell\v1.0\;C:\Program Files (x86)\Intel\Intel(R) Management Engine Components\DAL;C:\Program Files\Intel\Intel(R) Management Engine Components\DAL;C:\Program Files (x86)\Intel\Intel(R) Management Engine Components\IPT;C:\Program Files\Intel\Intel(R) Management Engine Components\IPT;C:\Program Files (x86)\Windows Live\Shared;C:\Program Files (x86)\NVIDIA Corporation\PhysX\Common;C:\WINDOWS\System32\OpenSSH\;C:\Program Files\NVIDIA Corporation\NVIDIA NvDLISR;C:\WINDOWS\system32;C:\WINDOWS;C:\WINDOWS\System32\Wbem;C:\WINDOWS\System32\WindowsPowerShell\v1.0\;C:\WINDOWS\System32\OpenSSH\;C:\Program Files\NVIDIA Corporation\Nsight Compute 2020.1.2\;C:\Program Files (x86)\Touch Portal\plugins\adb\platform-tools;C:\MinGW\bin;C:\ProgramData\chocolatey\bin;C:\Program Files\Microsoft VS Code\bin;C:\Program Files\dotnet\;C:\Program Files\Git\cmd;C:\Program Files (x86)\dotnet\;C:\Program Files\nodejs\;C:\ProgramData\ComposerSetup\bin;C:\Users\giova\AppData\Local\Programs\Python\Python37\Scripts\;C:\Users\giova\AppData\Local\Programs\Python\Python37\;C:\Users\giova\AppData\Local\Microsoft\WindowsApps;C:\Users\giova\AppData\Local\Programs\MiKTeX\miktex\bin\x64\;c:\mingw64\bin;C:\Users\giova\AppData\Local\atom\bin;C:\Users\giova\AppData\Roaming\npm;C:\MAMP\bin\php\php8.1.0;C:\Users\giova\AppData\Roaming\Composer\vendor\bin;C:\Program Files\JetBrains\IntelliJ IDEA Community Edition 2022.3.2\bin;
USERNAME=giova
OS=Windows_NT
PROCESSOR_IDENTIFIER=Intel64 Family 6 Model 58 Stepping 9, GenuineIntel



---------------  S Y S T E M  ---------------

OS:
 Windows 10 , 64 bit Build 19041 (10.0.19041.2546)
OS uptime: 0 days 8:22 hours

CPU: total 4 (initial active 4) (4 cores per cpu, 1 threads per core) family 6 model 58 stepping 9 microcode 0x21, cx8, cmov, fxsr, mmx, sse, sse2, sse3, ssse3, sse4.1, sse4.2, popcnt, tsc, tscinvbit, avx, aes, erms, clmul, vzeroupper, clflush

Memory: 4k page, system-wide physical 8138M (566M free)
TotalPageFile size 18556M (AvailPageFile size 2M)
current process WorkingSet (physical memory assigned to process): 196M, peak: 221M
current process commit charge ("private bytes"): 229M, peak: 260M

vm_info: Java HotSpot(TM) 64-Bit Server VM (18+36-2087) for windows-amd64 JRE (18+36-2087), built on Feb 15 2022 09:43:11 by "mach5one" with MS VC++ 16.8 / 16.9 (VS2019)

END.
